CRITICAL - 2022-01-10 06:32:37 --> Undefined index: username
#0 /home/script/Project/lp3i/app-uts-review/app/Views/mutasi/barang_keluar.php(14): CodeIgniter\Debug\Exceptions->errorHandler()
#1 /home/script/Project/lp3i/app-uts-review/vendor/codeigniter4/framework/system/View/View.php(214): include('/home/script/Pr...')
#2 /home/script/Project/lp3i/app-uts-review/vendor/codeigniter4/framework/system/View/View.php(217): CodeIgniter\View\View->CodeIgniter\View\{closure}()
#3 /home/script/Project/lp3i/app-uts-review/vendor/codeigniter4/framework/system/View/View.php(432): CodeIgniter\View\View->render()
#4 /home/script/Project/lp3i/app-uts-review/app/Views/admin.php(74): CodeIgniter\View\View->include()
#5 /home/script/Project/lp3i/app-uts-review/vendor/codeigniter4/framework/system/View/View.php(214): include('/home/script/Pr...')
#6 /home/script/Project/lp3i/app-uts-review/vendor/codeigniter4/framework/system/View/View.php(217): CodeIgniter\View\View->CodeIgniter\View\{closure}()
#7 /home/script/Project/lp3i/app-uts-review/vendor/codeigniter4/framework/system/Common.php(1097): CodeIgniter\View\View->render()
#8 /home/script/Project/lp3i/app-uts-review/app/Controllers/MutasiBarangController.php(23): view()
#9 /home/script/Project/lp3i/app-uts-review/vendor/codeigniter4/framework/system/CodeIgniter.php(824): App\Controllers\MutasiBarangController->index()
#10 /home/script/Project/lp3i/app-uts-review/vendor/codeigniter4/framework/system/CodeIgniter.php(410): CodeIgniter\CodeIgniter->runController()
#11 /home/script/Project/lp3i/app-uts-review/vendor/codeigniter4/framework/system/CodeIgniter.php(318): CodeIgniter\CodeIgniter->handleRequest()
#12 /home/script/Project/lp3i/app-uts-review/public/index.php(38): CodeIgniter\CodeIgniter->run()
#13 /home/script/Project/lp3i/app-uts-review/vendor/codeigniter4/framework/system/Commands/Server/rewrite.php(43): require_once('/home/script/Pr...')
#14 {main}
CRITICAL - 2022-01-10 06:37:17 --> Undefined index: id
#0 /home/script/Project/lp3i/app-uts-review/app/Views/mutasi/barang_keluar.php(25): CodeIgniter\Debug\Exceptions->errorHandler()
#1 /home/script/Project/lp3i/app-uts-review/vendor/codeigniter4/framework/system/View/View.php(214): include('/home/script/Pr...')
#2 /home/script/Project/lp3i/app-uts-review/vendor/codeigniter4/framework/system/View/View.php(217): CodeIgniter\View\View->CodeIgniter\View\{closure}()
#3 /home/script/Project/lp3i/app-uts-review/vendor/codeigniter4/framework/system/View/View.php(432): CodeIgniter\View\View->render()
#4 /home/script/Project/lp3i/app-uts-review/app/Views/admin.php(74): CodeIgniter\View\View->include()
#5 /home/script/Project/lp3i/app-uts-review/vendor/codeigniter4/framework/system/View/View.php(214): include('/home/script/Pr...')
#6 /home/script/Project/lp3i/app-uts-review/vendor/codeigniter4/framework/system/View/View.php(217): CodeIgniter\View\View->CodeIgniter\View\{closure}()
#7 /home/script/Project/lp3i/app-uts-review/vendor/codeigniter4/framework/system/Common.php(1097): CodeIgniter\View\View->render()
#8 /home/script/Project/lp3i/app-uts-review/app/Controllers/MutasiBarangController.php(26): view()
#9 /home/script/Project/lp3i/app-uts-review/vendor/codeigniter4/framework/system/CodeIgniter.php(824): App\Controllers\MutasiBarangController->index()
#10 /home/script/Project/lp3i/app-uts-review/vendor/codeigniter4/framework/system/CodeIgniter.php(410): CodeIgniter\CodeIgniter->runController()
#11 /home/script/Project/lp3i/app-uts-review/vendor/codeigniter4/framework/system/CodeIgniter.php(318): CodeIgniter\CodeIgniter->handleRequest()
#12 /home/script/Project/lp3i/app-uts-review/public/index.php(38): CodeIgniter\CodeIgniter->run()
#13 /home/script/Project/lp3i/app-uts-review/vendor/codeigniter4/framework/system/Commands/Server/rewrite.php(43): require_once('/home/script/Pr...')
#14 {main}
CRITICAL - 2022-01-10 06:55:42 --> There is no primary key defined when trying to make insert.
#0 /home/script/Project/lp3i/app-uts-review/vendor/codeigniter4/framework/system/Model.php(229): CodeIgniter\Database\Exceptions\DataException::forEmptyPrimaryKey()
#1 /home/script/Project/lp3i/app-uts-review/vendor/codeigniter4/framework/system/BaseModel.php(738): CodeIgniter\Model->doInsert()
#2 /home/script/Project/lp3i/app-uts-review/vendor/codeigniter4/framework/system/Model.php(620): CodeIgniter\BaseModel->insert()
#3 /home/script/Project/lp3i/app-uts-review/vendor/codeigniter4/framework/system/BaseModel.php(658): CodeIgniter\Model->insert()
#4 /home/script/Project/lp3i/app-uts-review/app/Controllers/RegisterController.php(34): CodeIgniter\BaseModel->save()
#5 /home/script/Project/lp3i/app-uts-review/vendor/codeigniter4/framework/system/CodeIgniter.php(824): App\Controllers\RegisterController->register()
#6 /home/script/Project/lp3i/app-uts-review/vendor/codeigniter4/framework/system/CodeIgniter.php(410): CodeIgniter\CodeIgniter->runController()
#7 /home/script/Project/lp3i/app-uts-review/vendor/codeigniter4/framework/system/CodeIgniter.php(318): CodeIgniter\CodeIgniter->handleRequest()
#8 /home/script/Project/lp3i/app-uts-review/public/index.php(38): CodeIgniter\CodeIgniter->run()
#9 /home/script/Project/lp3i/app-uts-review/vendor/codeigniter4/framework/system/Commands/Server/rewrite.php(43): require_once('/home/script/Pr...')
#10 {main}
