CRITICAL - 2021-12-20 06:42:19 --> There is no primary key defined when trying to make insert.
#0 /home/script/Project/lp3i/app-uts-review/vendor/codeigniter4/framework/system/Model.php(229): CodeIgniter\Database\Exceptions\DataException::forEmptyPrimaryKey()
#1 /home/script/Project/lp3i/app-uts-review/vendor/codeigniter4/framework/system/BaseModel.php(738): CodeIgniter\Model->doInsert()
#2 /home/script/Project/lp3i/app-uts-review/vendor/codeigniter4/framework/system/Model.php(620): CodeIgniter\BaseModel->insert()
#3 /home/script/Project/lp3i/app-uts-review/vendor/codeigniter4/framework/system/BaseModel.php(658): CodeIgniter\Model->insert()
#4 /home/script/Project/lp3i/app-uts-review/app/Controllers/RegisterController.php(30): CodeIgniter\BaseModel->save()
#5 /home/script/Project/lp3i/app-uts-review/vendor/codeigniter4/framework/system/CodeIgniter.php(824): App\Controllers\RegisterController->register()
#6 /home/script/Project/lp3i/app-uts-review/vendor/codeigniter4/framework/system/CodeIgniter.php(410): CodeIgniter\CodeIgniter->runController()
#7 /home/script/Project/lp3i/app-uts-review/vendor/codeigniter4/framework/system/CodeIgniter.php(318): CodeIgniter\CodeIgniter->handleRequest()
#8 /home/script/Project/lp3i/app-uts-review/public/index.php(38): CodeIgniter\CodeIgniter->run()
#9 /home/script/Project/lp3i/app-uts-review/vendor/codeigniter4/framework/system/Commands/Server/rewrite.php(43): require_once('/home/script/Pr...')
#10 {main}
CRITICAL - 2021-12-20 06:43:07 --> There is no primary key defined when trying to make insert.
#0 /home/script/Project/lp3i/app-uts-review/vendor/codeigniter4/framework/system/Model.php(229): CodeIgniter\Database\Exceptions\DataException::forEmptyPrimaryKey()
#1 /home/script/Project/lp3i/app-uts-review/vendor/codeigniter4/framework/system/BaseModel.php(738): CodeIgniter\Model->doInsert()
#2 /home/script/Project/lp3i/app-uts-review/vendor/codeigniter4/framework/system/Model.php(620): CodeIgniter\BaseModel->insert()
#3 /home/script/Project/lp3i/app-uts-review/vendor/codeigniter4/framework/system/BaseModel.php(658): CodeIgniter\Model->insert()
#4 /home/script/Project/lp3i/app-uts-review/app/Controllers/RegisterController.php(30): CodeIgniter\BaseModel->save()
#5 /home/script/Project/lp3i/app-uts-review/vendor/codeigniter4/framework/system/CodeIgniter.php(824): App\Controllers\RegisterController->register()
#6 /home/script/Project/lp3i/app-uts-review/vendor/codeigniter4/framework/system/CodeIgniter.php(410): CodeIgniter\CodeIgniter->runController()
#7 /home/script/Project/lp3i/app-uts-review/vendor/codeigniter4/framework/system/CodeIgniter.php(318): CodeIgniter\CodeIgniter->handleRequest()
#8 /home/script/Project/lp3i/app-uts-review/public/index.php(38): CodeIgniter\CodeIgniter->run()
#9 /home/script/Project/lp3i/app-uts-review/vendor/codeigniter4/framework/system/Commands/Server/rewrite.php(43): require_once('/home/script/Pr...')
#10 {main}
ERROR - 2021-12-20 06:43:46 --> Unknown column 'email' in 'where clause'
CRITICAL - 2021-12-20 06:43:46 --> Unknown column 'email' in 'where clause'
#0 /home/script/Project/lp3i/app-uts-review/vendor/codeigniter4/framework/system/Database/MySQLi/Connection.php(292): mysqli->query()
#1 /home/script/Project/lp3i/app-uts-review/vendor/codeigniter4/framework/system/Database/BaseConnection.php(670): CodeIgniter\Database\MySQLi\Connection->execute()
#2 /home/script/Project/lp3i/app-uts-review/vendor/codeigniter4/framework/system/Database/BaseConnection.php(598): CodeIgniter\Database\BaseConnection->simpleQuery()
#3 /home/script/Project/lp3i/app-uts-review/vendor/codeigniter4/framework/system/Database/BaseBuilder.php(1527): CodeIgniter\Database\BaseConnection->query()
#4 /home/script/Project/lp3i/app-uts-review/vendor/codeigniter4/framework/system/Model.php(509): CodeIgniter\Database\BaseBuilder->countAllResults()
#5 /home/script/Project/lp3i/app-uts-review/vendor/codeigniter4/framework/system/Model.php(592): CodeIgniter\Model->countAllResults()
#6 /home/script/Project/lp3i/app-uts-review/vendor/codeigniter4/framework/system/BaseModel.php(655): CodeIgniter\Model->shouldUpdate()
#7 /home/script/Project/lp3i/app-uts-review/app/Controllers/RegisterController.php(30): CodeIgniter\BaseModel->save()
#8 /home/script/Project/lp3i/app-uts-review/vendor/codeigniter4/framework/system/CodeIgniter.php(824): App\Controllers\RegisterController->register()
#9 /home/script/Project/lp3i/app-uts-review/vendor/codeigniter4/framework/system/CodeIgniter.php(410): CodeIgniter\CodeIgniter->runController()
#10 /home/script/Project/lp3i/app-uts-review/vendor/codeigniter4/framework/system/CodeIgniter.php(318): CodeIgniter\CodeIgniter->handleRequest()
#11 /home/script/Project/lp3i/app-uts-review/public/index.php(38): CodeIgniter\CodeIgniter->run()
#12 /home/script/Project/lp3i/app-uts-review/vendor/codeigniter4/framework/system/Commands/Server/rewrite.php(43): require_once('/home/script/Pr...')
#13 {main}
CRITICAL - 2021-12-20 07:13:49 --> Undefined variable: users_active
#0 /home/script/Project/lp3i/app-uts-review/app/Views/users/dashboard.php(1): CodeIgniter\Debug\Exceptions->errorHandler()
#1 /home/script/Project/lp3i/app-uts-review/vendor/codeigniter4/framework/system/View/View.php(214): include('/home/script/Pr...')
#2 /home/script/Project/lp3i/app-uts-review/vendor/codeigniter4/framework/system/View/View.php(217): CodeIgniter\View\View->CodeIgniter\View\{closure}()
#3 /home/script/Project/lp3i/app-uts-review/vendor/codeigniter4/framework/system/View/View.php(432): CodeIgniter\View\View->render()
#4 /home/script/Project/lp3i/app-uts-review/app/Views/admin.php(74): CodeIgniter\View\View->include()
#5 /home/script/Project/lp3i/app-uts-review/vendor/codeigniter4/framework/system/View/View.php(214): include('/home/script/Pr...')
#6 /home/script/Project/lp3i/app-uts-review/vendor/codeigniter4/framework/system/View/View.php(217): CodeIgniter\View\View->CodeIgniter\View\{closure}()
#7 /home/script/Project/lp3i/app-uts-review/vendor/codeigniter4/framework/system/Common.php(1097): CodeIgniter\View\View->render()
#8 /home/script/Project/lp3i/app-uts-review/app/Controllers/Home.php(20): view()
#9 /home/script/Project/lp3i/app-uts-review/vendor/codeigniter4/framework/system/CodeIgniter.php(824): App\Controllers\Home->dashboard()
#10 /home/script/Project/lp3i/app-uts-review/vendor/codeigniter4/framework/system/CodeIgniter.php(410): CodeIgniter\CodeIgniter->runController()
#11 /home/script/Project/lp3i/app-uts-review/vendor/codeigniter4/framework/system/CodeIgniter.php(318): CodeIgniter\CodeIgniter->handleRequest()
#12 /home/script/Project/lp3i/app-uts-review/public/index.php(38): CodeIgniter\CodeIgniter->run()
#13 /home/script/Project/lp3i/app-uts-review/vendor/codeigniter4/framework/system/Commands/Server/rewrite.php(43): require_once('/home/script/Pr...')
#14 {main}
